<?xml version="1.0" encoding="UTF-8"?>
<testsuite name="boardTest.SquareTest" tests="4" skipped="0" failures="0" errors="0" timestamp="2015-03-29T18:31:26" hostname="marcy" time="0.0010">
  <properties/>
  <testcase name="testSetNeighbor" classname="boardTest.SquareTest" time="0.0"/>
  <testcase name="unLinkTest" classname="boardTest.SquareTest" time="0.0"/>
  <testcase name="testGetColumn" classname="boardTest.SquareTest" time="0.0"/>
  <testcase name="testGetRow" classname="boardTest.SquareTest" time="0.0"/>
  <system-out><![CDATA[]]></system-out>
  <system-err><![CDATA[]]></system-err>
</testsuite>
