<?xml version="1.0" encoding="UTF-8"?>
<testsuite name="boardTest.BoardTest" tests="6" skipped="0" failures="0" errors="0" timestamp="2015-03-29T18:31:26" hostname="marcy" time="0.043">
  <properties/>
  <testcase name="testPlaceWall" classname="boardTest.BoardTest" time="0.027"/>
  <testcase name="testRemovalFromBoard" classname="boardTest.BoardTest" time="0.0"/>
  <testcase name="testToString" classname="boardTest.BoardTest" time="0.014"/>
  <testcase name="testBoardConstructor" classname="boardTest.BoardTest" time="0.0"/>
  <testcase name="testMakeMove" classname="boardTest.BoardTest" time="0.0"/>
  <testcase name="testPlayerCreation" classname="boardTest.BoardTest" time="0.0"/>
  <system-out><![CDATA[---------------------------------------
|w| |+| |+| |+| |+|0|+| |+| |+| |+| |w|
|--+---+---+---+---+---+---+---+---+--|
|w| |+| |+| |+| |+| |+| |+| |+| |+| |w|
|--+---+---+---+---+---+---+---+---+--|
|w| |+| |+| |+| |+| |+| |+| |+| |+| |w|
|--+---+---+---+---+---+---+---+---+--|
|w| |+| |+| |+| |+| |+| |+| |+| |+| |w|
|--+---+---+---+---+---+---+---+---+--|
|w|2|+| |+| |+| |+| |+| |+| |+| |+|3|w|
|--+---+---+---+---+---+---+---+---+--|
|w| |+| |+| |+| |+| |+| |+| |+| |+| |w|
|--+---+---+---+---+---+---+---+---+--|
|w| |+| |+| |+| |+| |+| |+| |+| |+| |w|
|--+---+---+---+---+---+---+---+---+--|
|w| |+| |+| |+| |+| |+| |+| |+| |+| |w|
|--+---+---+---+---+---+---+---+---+--|
|w| |+| |+| |+| |+|1|+| |+| |+| |+| |w|
---------------------------------------

---------------------------------------
|w| |+| |+| |+| |+|0|+| |+| |+| |+| |w|
|--+---+---+---+---+---+---+---+---+--|
|w| |+| |+| |+| |+| |+| |+| |+| |+| |w|
|--+---+---+---+---+---+---+---+---+--|
|w| |+| |+| |+| |+| |+| |+| |+| |+| |w|
|--+---+---+---+---+---+---+---+---+--|
|w| |+| |+| |+| |+| |+| |+| |+| |+| |w|
|--+---+---+---+---+---+---+---+---+--|
|w|2|+| |+| |+| |+| |+| |+| |+| |+|3|w|
|--+---+---+---+---+---+---+---+---+--|
|w| |+| |+| |+| |+| |+| |+| |+| |+| |w|
|--+---+---+---+---+---+---+---+---+--|
|w| |+| |+| |+| |+| |+| |+| |+| |+| |w|
|--+---+---+---+---+---+---+---+---+--|
|w| |+| |+| |+| |+| |+| |+| |+| |+| |w|
|--+---+---+---+---+---+---+---+---+--|
|w| |+| |+| |+| |+|1|+| |+| |+| |+| |w|
---------------------------------------

]]></system-out>
  <system-err><![CDATA[]]></system-err>
</testsuite>
